TN:
SF:src/controllers/admin.controller.ts
FN:7,(anonymous_9)
FN:18,(anonymous_10)
FN:43,(anonymous_11)
FN:60,(anonymous_12)
FN:77,(anonymous_13)
FN:87,(anonymous_14)
FN:97,(anonymous_15)
FN:116,(anonymous_16)
FN:133,(anonymous_17)
FN:143,(anonymous_18)
FN:162,(anonymous_19)
FN:179,(anonymous_20)
FNF:12
FNH:5
FNDA:1,(anonymous_9)
FNDA:3,(anonymous_10)
FNDA:1,(anonymous_11)
FNDA:1,(anonymous_12)
FNDA:0,(anonymous_13)
FNDA:0,(anonymous_14)
FNDA:2,(anonymous_15)
FNDA:0,(anonymous_16)
FNDA:0,(anonymous_17)
FNDA:0,(anonymous_18)
FNDA:0,(anonymous_19)
FNDA:0,(anonymous_20)
DA:2,1
DA:3,1
DA:4,1
DA:5,1
DA:7,1
DA:8,1
DA:9,1
DA:10,1
DA:11,1
DA:12,1
DA:14,0
DA:18,1
DA:19,3
DA:20,3
DA:21,3
DA:22,3
DA:23,1
DA:25,2
DA:26,1
DA:28,1
DA:29,1
DA:37,1
DA:39,2
DA:43,1
DA:44,1
DA:45,1
DA:46,1
DA:47,1
DA:54,1
DA:56,0
DA:60,1
DA:61,1
DA:62,1
DA:63,1
DA:64,1
DA:71,1
DA:73,0
DA:77,1
DA:78,0
DA:79,0
DA:80,0
DA:81,0
DA:83,0
DA:87,1
DA:88,0
DA:89,0
DA:90,0
DA:91,0
DA:93,0
DA:97,1
DA:98,2
DA:99,2
DA:100,2
DA:101,2
DA:102,1
DA:103,1
DA:110,1
DA:112,1
DA:116,1
DA:117,0
DA:118,0
DA:119,0
DA:120,0
DA:127,0
DA:129,0
DA:133,1
DA:134,0
DA:135,0
DA:136,0
DA:137,0
DA:139,0
DA:143,1
DA:144,0
DA:145,0
DA:146,0
DA:147,0
DA:148,0
DA:156,0
DA:158,0
DA:162,1
DA:163,0
DA:164,0
DA:165,0
DA:166,0
DA:173,0
DA:175,0
DA:179,1
DA:180,0
DA:181,0
DA:182,0
DA:183,0
DA:190,0
DA:192,0
LF:93
LH:50
BRDA:10,0,0,0
BRDA:10,1,0,0
BRDA:10,2,0,0
BRDA:10,3,0,1
BRDA:10,3,1,0
BRDA:22,4,0,1
BRDA:22,4,1,2
BRDA:22,5,0,3
BRDA:22,5,1,3
BRDA:22,5,2,2
BRDA:22,5,3,2
BRDA:25,6,0,1
BRDA:25,6,1,1
BRDA:101,7,0,1
BRDA:101,7,1,1
BRF:15
BRH:11
end_of_record
TN:
SF:src/controllers/appointment.controller.ts
FN:4,(anonymous_9)
FN:20,(anonymous_10)
FN:30,(anonymous_11)
FNF:3
FNH:3
FNDA:2,(anonymous_9)
FNDA:1,(anonymous_10)
FNDA:3,(anonymous_11)
DA:2,2
DA:4,2
DA:5,2
DA:6,2
DA:7,2
DA:14,1
DA:16,1
DA:20,2
DA:21,1
DA:22,1
DA:23,1
DA:24,1
DA:26,0
DA:30,2
DA:31,3
DA:32,3
DA:33,3
DA:34,3
DA:41,1
DA:43,2
LF:20
LH:19
BRDA:12,0,0,2
BRDA:12,0,1,1
BRF:2
BRH:2
end_of_record
TN:
SF:src/controllers/attendance.controller.ts
FN:8,(anonymous_9)
FN:31,(anonymous_10)
FNF:2
FNH:2
FNDA:5,(anonymous_9)
FNDA:4,(anonymous_10)
DA:2,1
DA:3,1
DA:6,1
DA:8,1
DA:9,5
DA:10,5
DA:11,5
DA:13,4
DA:14,4
DA:15,4
DA:16,2
DA:19,2
DA:25,2
DA:27,3
DA:31,1
DA:32,4
DA:33,4
DA:34,4
DA:35,4
DA:38,3
DA:39,3
DA:40,1
DA:43,2
DA:44,2
DA:46,2
LF:25
LH:25
BRDA:11,0,0,1
BRDA:11,0,1,4
BRDA:14,1,0,4
BRDA:14,1,1,0
BRDA:15,2,0,2
BRDA:15,2,1,2
BRDA:15,3,0,4
BRDA:15,3,1,3
BRDA:23,4,0,1
BRDA:23,4,1,1
BRDA:23,5,0,2
BRDA:23,5,1,2
BRDA:35,6,0,1
BRDA:35,6,1,3
BRDA:35,7,0,4
BRDA:35,7,1,3
BRDA:38,8,0,3
BRDA:38,8,1,1
BRDA:38,8,2,2
BRDA:38,9,0,1
BRDA:38,9,1,1
BRDA:39,10,0,1
BRDA:39,10,1,2
BRF:23
BRH:22
end_of_record
TN:
SF:src/controllers/auth.controller.ts
FN:17,(anonymous_0)
FN:37,(anonymous_1)
FN:45,(anonymous_2)
FN:79,(anonymous_3)
FN:107,(anonymous_4)
FN:120,(anonymous_5)
FN:133,(anonymous_6)
FN:145,(anonymous_7)
FN:154,(anonymous_8)
FNF:9
FNH:3
FNDA:2,(anonymous_0)
FNDA:0,(anonymous_1)
FNDA:3,(anonymous_2)
FNDA:0,(anonymous_3)
FNDA:1,(anonymous_4)
FNDA:0,(anonymous_5)
FNDA:0,(anonymous_6)
FNDA:0,(anonymous_7)
FNDA:0,(anonymous_8)
DA:2,1
DA:3,1
DA:13,1
DA:14,1
DA:15,1
DA:17,1
DA:18,2
DA:19,2
DA:22,2
DA:23,2
DA:24,2
DA:25,1
DA:27,1
DA:28,0
DA:30,1
DA:31,1
DA:37,1
DA:39,1
DA:41,1
DA:45,1
DA:46,3
DA:47,3
DA:48,3
DA:49,3
DA:50,1
DA:52,2
DA:53,0
DA:55,2
DA:56,1
DA:58,1
DA:59,1
DA:60,1
DA:61,1
DA:63,1
DA:73,1
DA:75,2
DA:79,1
DA:80,0
DA:81,0
DA:82,0
DA:84,0
DA:85,0
DA:86,0
DA:87,0
DA:89,0
DA:90,0
DA:92,0
DA:93,0
DA:96,0
DA:97,0
DA:98,0
DA:99,0
DA:101,0
DA:103,0
DA:107,1
DA:108,1
DA:109,1
DA:110,1
DA:114,1
DA:116,0
DA:120,1
DA:121,0
DA:122,0
DA:123,0
DA:124,0
DA:126,0
DA:127,0
DA:129,0
DA:133,1
DA:134,0
DA:135,0
DA:139,0
DA:141,0
DA:145,1
DA:146,0
DA:147,0
DA:148,0
DA:150,0
DA:154,1
DA:155,0
DA:156,0
DA:157,0
DA:159,0
LF:83
LH:44
BRDA:24,0,0,1
BRDA:24,0,1,1
BRDA:24,1,0,2
BRDA:24,1,1,1
BRDA:27,2,0,0
BRDA:27,2,1,1
BRDA:49,3,0,1
BRDA:49,3,1,2
BRDA:49,4,0,3
BRDA:49,4,1,2
BRDA:52,5,0,0
BRDA:52,5,1,2
BRDA:55,6,0,1
BRDA:55,6,1,1
BRDA:82,7,0,0
BRDA:82,7,1,0
BRDA:86,8,0,0
BRDA:86,8,1,0
BRDA:86,9,0,0
BRDA:86,9,1,0
BRDA:89,10,0,0
BRDA:89,10,1,0
BRDA:92,11,0,0
BRDA:92,11,1,0
BRDA:124,12,0,0
BRDA:124,12,1,0
BRF:26
BRH:12
end_of_record
TN:
SF:src/controllers/file.controller.ts
FN:8,assertTeacherStudentRelationship
FN:16,(anonymous_1)
FN:51,(anonymous_2)
FNF:3
FNH:3
FNDA:3,assertTeacherStudentRelationship
FNDA:7,(anonymous_1)
FNDA:5,(anonymous_2)
DA:4,1
DA:5,1
DA:6,1
DA:9,3
DA:13,3
DA:16,1
DA:17,7
DA:18,7
DA:19,7
DA:20,7
DA:21,1
DA:22,1
DA:25,6
DA:26,6
DA:27,6
DA:28,6
DA:29,1
DA:30,1
DA:32,5
DA:33,2
DA:36,4
DA:37,4
DA:38,4
DA:39,4
DA:40,1
DA:41,1
DA:44,3
DA:45,3
DA:47,1
DA:51,1
DA:52,5
DA:53,5
DA:54,5
DA:55,5
DA:56,1
DA:57,1
DA:60,4
DA:61,4
DA:62,4
DA:63,4
DA:64,1
DA:65,1
DA:67,3
DA:68,1
DA:71,3
DA:72,3
DA:73,3
DA:74,3
DA:75,1
DA:76,1
DA:79,2
DA:80,2
DA:82,0
LF:53
LH:52
BRDA:13,0,0,1
BRDA:13,0,1,2
BRDA:20,1,0,1
BRDA:20,1,1,6
BRDA:28,2,0,1
BRDA:28,2,1,5
BRDA:28,3,0,6
BRDA:28,3,1,4
BRDA:28,3,2,3
BRDA:32,4,0,2
BRDA:32,4,1,3
BRDA:36,5,0,4
BRDA:36,5,1,0
BRDA:39,6,0,1
BRDA:39,6,1,3
BRDA:55,7,0,1
BRDA:55,7,1,4
BRDA:63,8,0,1
BRDA:63,8,1,3
BRDA:63,9,0,4
BRDA:63,9,1,2
BRDA:63,9,2,2
BRDA:67,10,0,1
BRDA:67,10,1,2
BRDA:71,11,0,3
BRDA:71,11,1,0
BRDA:74,12,0,1
BRDA:74,12,1,2
BRF:28
BRH:26
end_of_record
TN:
SF:src/controllers/gamification.controller.ts
FN:5,(anonymous_9)
FN:16,(anonymous_10)
FNF:2
FNH:2
FNDA:3,(anonymous_9)
FNDA:3,(anonymous_10)
DA:2,1
DA:3,1
DA:5,1
DA:6,3
DA:7,3
DA:8,3
DA:9,2
DA:10,1
DA:12,2
DA:16,1
DA:17,3
DA:18,3
DA:19,3
DA:20,3
DA:21,3
DA:23,0
LF:16
LH:15
BRDA:8,0,0,1
BRDA:8,0,1,2
BRDA:18,1,0,1
BRDA:18,1,1,2
BRDA:19,2,0,2
BRDA:19,2,1,1
BRDA:20,3,0,1
BRDA:20,3,1,2
BRF:8
BRH:8
end_of_record
TN:
SF:src/controllers/grade.controller.ts
FN:5,(anonymous_9)
FN:23,(anonymous_10)
FN:32,(anonymous_11)
FNF:3
FNH:3
FNDA:2,(anonymous_9)
FNDA:1,(anonymous_10)
FNDA:1,(anonymous_11)
DA:2,1
DA:3,1
DA:5,1
DA:6,2
DA:7,2
DA:8,2
DA:9,1
DA:17,1
DA:19,1
DA:23,1
DA:24,1
DA:25,1
DA:26,1
DA:28,0
DA:32,1
DA:33,1
DA:34,1
DA:35,1
DA:36,1
DA:38,0
LF:20
LH:18
BRF:0
BRH:0
end_of_record
TN:
SF:src/controllers/memorization.controller.ts
FN:5,(anonymous_9)
FN:14,(anonymous_10)
FN:24,(anonymous_11)
FNF:3
FNH:3
FNDA:1,(anonymous_9)
FNDA:2,(anonymous_10)
FNDA:4,(anonymous_11)
DA:2,1
DA:3,1
DA:5,1
DA:6,1
DA:7,1
DA:8,1
DA:10,0
DA:14,1
DA:15,2
DA:16,2
DA:17,2
DA:18,2
DA:20,0
DA:24,1
DA:25,4
DA:26,4
DA:27,4
DA:28,3
DA:29,3
DA:30,2
DA:31,2
DA:38,1
DA:40,3
LF:23
LH:21
BRDA:27,0,0,1
BRDA:27,0,1,3
BRDA:29,1,0,1
BRDA:29,1,1,2
BRDA:30,2,0,0
BRDA:30,2,1,2
BRF:6
BRH:5
end_of_record
TN:
SF:src/controllers/message.controller.ts
FN:5,(anonymous_9)
FN:22,(anonymous_10)
FN:32,(anonymous_11)
FNF:3
FNH:3
FNDA:1,(anonymous_9)
FNDA:2,(anonymous_10)
FNDA:3,(anonymous_11)
DA:2,2
DA:5,2
DA:6,1
DA:7,1
DA:8,1
DA:10,1
DA:11,0
DA:12,0
DA:14,1
DA:15,1
DA:18,0
DA:22,2
DA:23,2
DA:24,2
DA:25,2
DA:26,1
DA:28,1
DA:32,2
DA:33,3
DA:34,3
DA:35,3
DA:36,1
DA:38,2
LF:23
LH:20
BRDA:7,0,0,1
BRDA:7,1,0,1
BRDA:7,2,0,1
BRDA:7,2,1,1
BRDA:10,3,0,0
BRDA:10,3,1,1
BRDA:25,4,0,2
BRDA:25,4,1,0
BRF:8
BRH:6
end_of_record
TN:
SF:src/controllers/notification.controller.ts
FN:6,(anonymous_0)
FN:19,(anonymous_1)
FN:40,(anonymous_2)
FN:51,(anonymous_3)
FNF:4
FNH:4
FNDA:2,(anonymous_0)
FNDA:3,(anonymous_1)
FNDA:1,(anonymous_2)
FNDA:1,(anonymous_3)
DA:2,1
DA:3,1
DA:4,1
DA:6,1
DA:7,2
DA:8,2
DA:9,2
DA:10,1
DA:11,1
DA:12,1
DA:13,1
DA:15,1
DA:19,1
DA:20,3
DA:21,3
DA:22,3
DA:23,3
DA:24,3
DA:25,3
DA:26,1
DA:29,2
DA:30,2
DA:31,1
DA:33,1
DA:36,2
DA:40,1
DA:41,1
DA:42,1
DA:43,1
DA:44,1
DA:45,1
DA:47,0
DA:51,1
DA:52,1
DA:53,1
DA:54,1
DA:55,1
DA:56,1
DA:58,0
LF:39
LH:37
BRDA:9,0,0,1
BRDA:9,0,1,1
BRDA:10,1,0,1
BRDA:10,1,1,0
BRDA:11,2,0,1
BRDA:11,2,1,0
BRDA:22,3,0,0
BRDA:22,3,1,3
BRDA:29,4,0,2
BRDA:29,4,1,0
BRDA:30,5,0,1
BRDA:30,5,1,1
BRDA:43,6,0,0
BRDA:43,6,1,1
BRDA:54,7,0,0
BRDA:54,7,1,1
BRF:16
BRH:10
end_of_record
TN:
SF:src/controllers/parent.controller.ts
FN:7,roleOf
FN:17,(anonymous_10)
FN:36,(anonymous_11)
FN:48,(anonymous_12)
FN:69,(anonymous_13)
FN:80,(anonymous_14)
FNF:6
FNH:6
FNDA:2,roleOf
FNDA:4,(anonymous_10)
FNDA:2,(anonymous_11)
FNDA:3,(anonymous_12)
FNDA:1,(anonymous_13)
FNDA:1,(anonymous_14)
DA:2,1
DA:3,1
DA:8,2
DA:9,2
DA:12,1
DA:17,1
DA:18,4
DA:19,4
DA:20,4
DA:21,3
DA:22,3
DA:23,1
DA:25,2
DA:30,2
DA:32,2
DA:36,1
DA:37,2
DA:38,2
DA:39,2
DA:40,2
DA:41,2
DA:42,2
DA:44,0
DA:48,1
DA:49,3
DA:50,3
DA:51,3
DA:52,3
DA:53,3
DA:54,3
DA:55,1
DA:58,2
DA:61,2
DA:63,1
DA:69,1
DA:70,1
DA:71,1
DA:72,1
DA:73,1
DA:74,1
DA:76,0
DA:80,1
DA:81,1
DA:82,1
DA:83,1
DA:84,1
DA:85,1
DA:86,1
DA:88,0
LF:49
LH:46
BRDA:9,0,0,1
BRDA:9,0,1,1
BRDA:20,1,0,1
BRDA:20,1,1,3
BRDA:21,2,0,3
BRDA:21,2,1,0
BRDA:22,3,0,1
BRDA:22,3,1,2
BRDA:22,4,0,3
BRDA:22,4,1,2
BRDA:28,5,0,1
BRDA:28,5,1,1
BRDA:28,6,0,2
BRDA:28,6,1,2
BRDA:40,7,0,0
BRDA:40,7,1,2
BRDA:51,8,0,0
BRDA:51,8,1,3
BRDA:53,9,0,3
BRDA:53,9,1,0
BRDA:54,10,0,1
BRDA:54,10,1,2
BRDA:54,11,0,3
BRDA:54,11,1,2
BRDA:58,12,0,1
BRDA:58,12,1,1
BRDA:60,13,0,1
BRDA:60,13,1,0
BRDA:72,14,0,0
BRDA:72,14,1,1
BRDA:83,15,0,0
BRDA:83,15,1,1
BRF:32
BRH:25
end_of_record
TN:
SF:src/controllers/recording.controller.ts
FN:6,(anonymous_9)
FN:33,(anonymous_10)
FN:42,(anonymous_11)
FN:61,(anonymous_12)
FNF:4
FNH:4
FNDA:2,(anonymous_9)
FNDA:1,(anonymous_10)
FNDA:1,(anonymous_11)
FNDA:4,(anonymous_12)
DA:2,2
DA:3,2
DA:4,2
DA:6,2
DA:7,2
DA:8,2
DA:9,2
DA:11,1
DA:12,1
DA:14,1
DA:15,1
DA:16,1
DA:17,1
DA:19,1
DA:20,1
DA:27,1
DA:29,1
DA:33,2
DA:34,1
DA:35,1
DA:36,1
DA:38,0
DA:42,2
DA:43,1
DA:44,1
DA:45,1
DA:46,1
DA:47,1
DA:55,1
DA:57,0
DA:61,2
DA:62,4
DA:63,4
DA:64,4
DA:65,4
DA:66,2
DA:73,2
DA:75,2
LF:38
LH:36
BRDA:9,0,0,1
BRDA:9,0,1,1
BRDA:12,1,0,0
BRDA:12,1,1,1
BRDA:15,2,0,1
BRDA:15,2,1,0
BRDA:16,3,0,1
BRDA:16,3,1,0
BRDA:16,3,2,0
BRDA:17,4,0,1
BRDA:17,4,1,0
BRDA:17,4,2,0
BRDA:19,5,0,0
BRDA:19,5,1,1
BRF:14
BRH:7
end_of_record
TN:
SF:src/controllers/report.controller.ts
FN:8,(anonymous_10)
FN:30,(anonymous_11)
FN:39,(anonymous_12)
FNF:3
FNH:2
FNDA:5,(anonymous_10)
FNDA:0,(anonymous_11)
FNDA:2,(anonymous_12)
DA:2,1
DA:3,1
DA:4,1
DA:5,1
DA:6,1
DA:8,1
DA:9,5
DA:10,5
DA:11,5
DA:14,4
DA:18,4
DA:20,3
DA:22,3
DA:23,3
DA:28,1
DA:29,1
DA:30,1
DA:31,1
DA:33,2
DA:35,3
DA:39,1
DA:40,2
DA:41,2
DA:42,2
DA:46,2
DA:48,0
LF:26
LH:25
BRDA:11,0,0,1
BRDA:11,0,1,4
BRDA:18,1,0,1
BRDA:18,1,1,3
BRDA:20,2,0,3
BRDA:20,2,1,2
BRDA:24,3,0,3
BRDA:24,3,1,2
BRDA:28,4,0,1
BRDA:28,4,1,0
BRDA:41,5,0,1
BRDA:41,5,1,1
BRF:12
BRH:11
end_of_record
TN:
SF:src/controllers/revision.controller.ts
FN:5,(anonymous_9)
FN:19,(anonymous_10)
FN:38,(anonymous_11)
FN:55,(anonymous_12)
FNF:4
FNH:4
FNDA:3,(anonymous_9)
FNDA:3,(anonymous_10)
FNDA:2,(anonymous_11)
FNDA:1,(anonymous_12)
DA:2,1
DA:5,1
DA:6,3
DA:7,3
DA:8,3
DA:9,1
DA:10,1
DA:12,2
DA:13,2
DA:15,0
DA:19,1
DA:20,3
DA:21,3
DA:22,3
DA:23,2
DA:24,1
DA:26,1
DA:32,1
DA:34,2
DA:38,1
DA:39,2
DA:40,2
DA:41,2
DA:43,1
DA:49,1
DA:51,1
DA:55,1
DA:56,1
DA:57,1
DA:62,1
DA:64,0
LF:31
LH:29
BRDA:7,0,0,2
BRDA:7,0,1,1
BRDA:8,1,0,1
BRDA:8,1,1,2
BRDA:8,2,0,3
BRDA:8,2,1,2
BRDA:22,3,0,1
BRDA:22,3,1,2
BRDA:23,4,0,1
BRDA:23,4,1,1
BRDA:23,5,0,2
BRDA:23,5,1,2
BRDA:24,6,0,0
BRDA:24,6,1,1
BRDA:41,7,0,1
BRDA:41,7,1,1
BRF:16
BRH:15
end_of_record
TN:
SF:src/controllers/teacherChange.controller.ts
FN:4,(anonymous_9)
FN:13,(anonymous_10)
FN:23,(anonymous_11)
FNF:3
FNH:3
FNDA:2,(anonymous_9)
FNDA:2,(anonymous_10)
FNDA:3,(anonymous_11)
DA:2,1
DA:4,1
DA:5,2
DA:6,2
DA:7,1
DA:9,1
DA:13,1
DA:14,2
DA:15,2
DA:16,2
DA:17,2
DA:19,0
DA:23,1
DA:24,3
DA:25,3
DA:26,3
DA:34,2
DA:36,1
LF:18
LH:17
BRDA:15,0,0,1
BRDA:15,0,1,1
BRF:2
BRH:2
end_of_record
TN:
SF:src/controllers/user.controller.ts
FN:7,(anonymous_9)
FN:20,(anonymous_10)
FN:44,(anonymous_11)
FN:62,(anonymous_12)
FN:68,(anonymous_13)
FN:84,(anonymous_14)
FNF:6
FNH:6
FNDA:1,(anonymous_9)
FNDA:2,(anonymous_10)
FNDA:2,(anonymous_11)
FNDA:3,(anonymous_12)
FNDA:2,(anonymous_13)
FNDA:2,(anonymous_14)
DA:2,1
DA:3,1
DA:4,1
DA:5,1
DA:7,1
DA:8,1
DA:9,1
DA:14,1
DA:16,0
DA:20,1
DA:21,2
DA:22,2
DA:37,2
DA:38,1
DA:40,1
DA:44,1
DA:45,2
DA:46,2
DA:47,2
DA:48,2
DA:49,2
DA:51,2
DA:56,2
DA:58,0
DA:62,1
DA:63,3
DA:64,3
DA:65,3
DA:66,3
DA:68,4
DA:69,2
DA:70,1
DA:73,1
DA:74,1
DA:78,1
DA:80,2
DA:84,1
DA:85,2
DA:86,2
DA:87,2
DA:89,1
DA:94,1
DA:95,1
DA:97,1
LF:44
LH:42
BRDA:37,0,0,1
BRDA:37,0,1,1
BRDA:48,1,0,2
BRDA:48,1,1,0
BRDA:49,2,0,1
BRDA:49,2,1,1
BRDA:66,3,0,1
BRDA:66,3,1,2
BRDA:69,4,0,1
BRDA:69,4,1,1
BRDA:87,5,0,1
BRDA:87,5,1,1
BRF:12
BRH:11
end_of_record
TN:
SF:src/middleware/auth.middleware.ts
FN:8,resolveAndValidateToken
FN:41,(anonymous_10)
FN:52,(anonymous_11)
FN:64,(anonymous_12)
FN:65,(anonymous_13)
FNF:5
FNH:5
FNDA:9,resolveAndValidateToken
FNDA:11,(anonymous_10)
FNDA:3,(anonymous_11)
FNDA:9,(anonymous_12)
FNDA:9,(anonymous_13)
DA:2,2
DA:3,2
DA:4,2
DA:6,2
DA:9,9
DA:10,9
DA:11,8
DA:12,8
DA:14,8
DA:18,8
DA:19,1
DA:20,1
DA:22,7
DA:23,1
DA:24,1
DA:26,6
DA:27,1
DA:28,1
DA:30,5
DA:31,1
DA:32,1
DA:34,4
DA:36,1
DA:37,1
DA:41,2
DA:42,11
DA:43,11
DA:44,4
DA:45,4
DA:47,7
DA:48,7
DA:52,2
DA:53,3
DA:54,3
DA:55,3
DA:56,1
DA:57,1
DA:59,2
DA:60,2
DA:61,2
DA:64,2
DA:65,9
DA:66,9
DA:67,5
DA:68,5
DA:70,4
LF:46
LH:46
BRDA:11,0,0,8
BRDA:11,0,1,7
BRDA:18,1,0,1
BRDA:18,1,1,7
BRDA:22,2,0,1
BRDA:22,2,1,6
BRDA:26,3,0,1
BRDA:26,3,1,5
BRDA:30,4,0,1
BRDA:30,4,1,4
BRDA:30,5,0,5
BRDA:30,5,1,5
BRDA:30,5,2,1
BRDA:36,6,0,1
BRDA:36,6,1,0
BRDA:43,7,0,4
BRDA:43,7,1,7
BRDA:48,8,0,2
BRDA:48,8,1,5
BRDA:54,9,0,1
BRDA:54,9,1,2
BRDA:55,10,0,1
BRDA:55,10,1,2
BRDA:55,11,0,3
BRDA:55,11,1,2
BRDA:59,12,0,1
BRDA:59,12,1,1
BRDA:61,13,0,2
BRDA:61,13,1,0
BRDA:66,14,0,5
BRDA:66,14,1,4
BRDA:66,15,0,9
BRDA:66,15,1,8
BRF:33
BRH:31
end_of_record
TN:
SF:src/middleware/error.middleware.ts
FN:5,(anonymous_0)
FN:16,(anonymous_1)
FNF:2
FNH:2
FNDA:120,(anonymous_0)
FNDA:3,(anonymous_1)
DA:2,33
DA:4,33
DA:6,120
DA:9,120
DA:10,120
DA:14,33
DA:16,33
DA:17,3
DA:19,3
DA:20,0
DA:21,0
DA:24,3
DA:25,3
DA:26,3
DA:27,3
DA:30,0
DA:31,0
LF:17
LH:13
BRDA:19,0,0,0
BRDA:19,0,1,3
BRDA:24,1,0,3
BRDA:24,1,1,0
BRF:4
BRH:2
end_of_record
TN:
SF:src/middleware/logging.middleware.ts
FN:3,(anonymous_0)
FN:5,(anonymous_1)
FNF:2
FNH:0
FNDA:0,(anonymous_0)
FNDA:0,(anonymous_1)
DA:3,0
DA:4,0
DA:5,0
DA:6,0
DA:7,0
DA:9,0
LF:6
LH:0
BRF:0
BRH:0
end_of_record
TN:
SF:src/middleware/pagination.middleware.ts
FN:11,(anonymous_0)
FN:12,(anonymous_1)
FN:20,paginatedResponse
FNF:3
FNH:1
FNDA:0,(anonymous_0)
FNDA:0,(anonymous_1)
FNDA:2,paginatedResponse
DA:11,2
DA:12,0
DA:13,0
DA:14,0
DA:15,0
DA:16,0
DA:20,2
DA:21,2
LF:8
LH:3
BRDA:11,0,0,0
BRDA:11,1,0,0
BRDA:13,2,0,0
BRDA:13,2,1,0
BRDA:14,3,0,0
BRDA:14,3,1,0
BRF:6
BRH:0
end_of_record
TN:
SF:src/middleware/rate-limit.middleware.ts
FN:8,(anonymous_9)
FN:15,(anonymous_10)
FN:26,(anonymous_11)
FN:33,(anonymous_12)
FN:42,(anonymous_13)
FN:51,(anonymous_14)
FNF:6
FNH:0
FNDA:0,(anonymous_9)
FNDA:0,(anonymous_10)
FNDA:0,(anonymous_11)
FNDA:0,(anonymous_12)
FNDA:0,(anonymous_13)
FNDA:0,(anonymous_14)
DA:1,0
DA:3,0
DA:8,0
DA:11,0
DA:16,0
DA:17,0
DA:21,0
DA:26,0
DA:29,0
DA:33,0
DA:36,0
DA:42,0
DA:45,0
DA:51,0
LF:14
LH:0
BRDA:8,0,0,0
BRDA:8,0,1,0
BRDA:8,1,0,0
BRDA:8,1,1,0
BRDA:13,2,0,0
BRDA:13,2,1,0
BRDA:16,3,0,0
BRDA:16,3,1,0
BRDA:16,4,0,0
BRDA:16,4,1,0
BRDA:26,5,0,0
BRDA:26,5,1,0
BRDA:26,6,0,0
BRDA:26,6,1,0
BRDA:33,7,0,0
BRDA:33,7,1,0
BRDA:33,8,0,0
BRDA:33,8,1,0
BRDA:38,9,0,0
BRDA:38,9,1,0
BRDA:42,10,0,0
BRDA:42,10,1,0
BRDA:42,11,0,0
BRDA:42,11,1,0
BRDA:47,12,0,0
BRDA:47,12,1,0
BRDA:51,13,0,0
BRDA:51,13,1,0
BRDA:51,14,0,0
BRDA:51,14,1,0
BRF:30
BRH:0
end_of_record
TN:
SF:src/middleware/request-id.middleware.ts
FN:4,(anonymous_0)
FNF:1
FNH:0
FNDA:0,(anonymous_0)
DA:2,0
DA:4,0
DA:5,0
DA:6,0
DA:7,0
DA:8,0
LF:6
LH:0
BRDA:5,0,0,0
BRDA:5,0,1,0
BRF:2
BRH:0
end_of_record
TN:
SF:src/middleware/sanitize.middleware.ts
FN:7,sanitizeObject
FN:27,(anonymous_1)
FN:33,(anonymous_2)
FN:35,(anonymous_3)
FNF:4
FNH:3
FNDA:11,sanitizeObject
FNDA:0,(anonymous_1)
FNDA:4,(anonymous_2)
FNDA:4,(anonymous_3)
DA:3,1
DA:8,11
DA:9,11
DA:10,9
DA:11,8
DA:13,7
DA:14,7
DA:15,7
DA:16,14
DA:17,4
DA:18,10
DA:19,5
DA:21,5
DA:24,7
DA:27,1
DA:30,0
DA:33,1
DA:34,4
DA:35,4
DA:36,4
DA:37,4
DA:39,0
DA:41,4
LF:23
LH:21
BRDA:8,0,0,0
BRDA:8,0,1,11
BRDA:8,1,0,11
BRDA:8,1,1,11
BRDA:9,2,0,2
BRDA:9,2,1,9
BRDA:10,3,0,1
BRDA:10,3,1,8
BRDA:11,4,0,1
BRDA:11,4,1,7
BRDA:16,5,0,4
BRDA:16,5,1,10
BRDA:18,6,0,5
BRDA:18,6,1,5
BRDA:18,7,0,10
BRDA:18,7,1,5
BRDA:36,8,0,4
BRDA:36,8,1,0
BRDA:36,9,0,4
BRDA:36,9,1,4
BRF:20
BRH:18
end_of_record
TN:
SF:src/middleware/timeout.middleware.ts
FN:6,(anonymous_0)
FN:7,(anonymous_1)
FN:8,(anonymous_2)
FN:15,(anonymous_3)
FN:16,(anonymous_4)
FNF:5
FNH:0
FNDA:0,(anonymous_0)
FNDA:0,(anonymous_1)
FNDA:0,(anonymous_2)
FNDA:0,(anonymous_3)
FNDA:0,(anonymous_4)
DA:2,0
DA:4,0
DA:6,0
DA:7,0
DA:8,0
DA:9,0
DA:10,0
DA:11,0
DA:15,0
DA:16,0
DA:17,0
LF:11
LH:0
BRDA:6,0,0,0
BRDA:9,1,0,0
BRDA:9,1,1,0
BRDA:9,2,0,0
BRDA:9,2,1,0
BRF:5
BRH:0
end_of_record
TN:
SF:src/middleware/validate.middleware.ts
FN:5,(anonymous_0)
FN:6,(anonymous_1)
FN:12,(anonymous_2)
FNF:3
FNH:0
FNDA:0,(anonymous_0)
FNDA:0,(anonymous_1)
FNDA:0,(anonymous_2)
DA:2,0
DA:3,0
DA:5,0
DA:6,0
DA:7,0
DA:8,0
DA:9,0
DA:11,0
DA:12,0
DA:13,0
DA:14,0
DA:16,0
LF:12
LH:0
BRDA:11,0,0,0
BRDA:11,0,1,0
BRF:2
BRH:0
end_of_record
TN:
SF:src/middleware/zod.middleware.ts
FN:6,(anonymous_0)
FN:7,(anonymous_1)
FN:13,(anonymous_2)
FNF:3
FNH:0
FNDA:0,(anonymous_0)
FNDA:0,(anonymous_1)
FNDA:0,(anonymous_2)
DA:1,0
DA:3,0
DA:5,0
DA:6,0
DA:7,0
DA:8,0
DA:9,0
DA:10,0
DA:12,0
DA:13,0
DA:14,0
DA:16,0
LF:12
LH:0
BRDA:12,0,0,0
BRDA:12,0,1,0
BRF:2
BRH:0
end_of_record
TN:
SF:src/services/admin.service.ts
FN:10,(anonymous_9)
FN:21,(anonymous_10)
FN:39,(anonymous_11)
FN:50,(anonymous_12)
FN:62,(anonymous_13)
FN:68,(anonymous_14)
FN:79,(anonymous_15)
FN:104,(anonymous_16)
FN:110,(anonymous_17)
FN:114,(anonymous_18)
FN:141,(anonymous_19)
FN:147,(anonymous_20)
FN:151,safeAverage
FN:152,(anonymous_22)
FN:152,(anonymous_23)
FN:154,(anonymous_24)
FN:157,(anonymous_25)
FN:177,(anonymous_26)
FN:185,(anonymous_27)
FN:191,(anonymous_28)
FN:213,(anonymous_29)
FN:270,(anonymous_30)
FN:282,(anonymous_31)
FN:299,(anonymous_32)
FN:301,(anonymous_33)
FN:305,(anonymous_34)
FN:305,(anonymous_35)
FN:317,(anonymous_36)
FN:345,(anonymous_37)
FN:370,(anonymous_38)
FN:378,(anonymous_39)
FN:384,(anonymous_40)
FNF:32
FNH:29
FNDA:2,(anonymous_9)
FNDA:1,(anonymous_10)
FNDA:3,(anonymous_11)
FNDA:4,(anonymous_12)
FNDA:2,(anonymous_13)
FNDA:3,(anonymous_14)
FNDA:2,(anonymous_15)
FNDA:2,(anonymous_16)
FNDA:4,(anonymous_17)
FNDA:1,(anonymous_18)
FNDA:1,(anonymous_19)
FNDA:1,(anonymous_20)
FNDA:4,safeAverage
FNDA:7,(anonymous_22)
FNDA:7,(anonymous_23)
FNDA:6,(anonymous_24)
FNDA:3,(anonymous_25)
FNDA:3,(anonymous_26)
FNDA:1,(anonymous_27)
FNDA:2,(anonymous_28)
FNDA:2,(anonymous_29)
FNDA:2,(anonymous_30)
FNDA:0,(anonymous_31)
FNDA:2,(anonymous_32)
FNDA:0,(anonymous_33)
FNDA:2,(anonymous_34)
FNDA:0,(anonymous_35)
FNDA:4,(anonymous_36)
FNDA:2,(anonymous_37)
FNDA:2,(anonymous_38)
FNDA:1,(anonymous_39)
FNDA:1,(anonymous_40)
DA:1,3
DA:2,3
DA:3,3
DA:4,3
DA:6,3
DA:8,3
DA:10,3
DA:11,2
DA:21,3
DA:22,1
DA:26,1
DA:36,1
DA:39,3
DA:40,3
DA:41,3
DA:43,2
DA:44,2
DA:50,3
DA:51,4
DA:52,4
DA:53,3
DA:55,2
DA:62,4
DA:63,2
DA:65,2
DA:68,3
DA:69,3
DA:70,3
DA:72,2
DA:79,3
DA:80,2
DA:81,0
DA:93,2
DA:104,2
DA:110,4
DA:114,3
DA:115,1
DA:116,0
DA:130,1
DA:141,1
DA:147,1
DA:152,7
DA:153,4
DA:154,6
DA:157,3
DA:159,3
DA:160,3
DA:161,0
DA:165,3
DA:166,3
DA:168,3
DA:169,3
DA:170,4
DA:171,4
DA:174,3
DA:177,3
DA:178,3
DA:179,1
DA:181,2
DA:182,1
DA:185,1
DA:186,1
DA:191,2
DA:192,1
DA:194,1
DA:195,3
DA:196,3
DA:197,1
DA:198,1
DA:200,2
DA:201,1
DA:202,1
DA:205,1
DA:206,1
DA:209,1
DA:213,3
DA:214,2
DA:261,2
DA:263,1
DA:264,1
DA:267,1
DA:271,2
DA:272,2
DA:279,1
DA:283,0
DA:284,0
DA:286,0
DA:292,1
DA:299,2
DA:301,0
DA:305,2
DA:314,1
DA:317,3
DA:321,4
DA:322,4
DA:324,3
DA:325,3
DA:326,3
DA:327,3
DA:328,1
DA:329,1
DA:330,0
DA:332,2
DA:333,2
DA:334,2
DA:335,1
DA:338,1
DA:345,3
DA:346,2
DA:347,2
DA:353,1
DA:367,1
DA:370,3
DA:371,2
DA:372,1
DA:374,1
DA:375,0
DA:378,1
DA:379,1
DA:384,1
DA:385,1
DA:387,1
DA:388,2
DA:389,1
DA:390,1
DA:393,1
DA:394,1
DA:397,1
LF:128
LH:119
BRDA:13,0,0,1
BRDA:13,0,1,1
BRDA:21,1,0,0
BRDA:21,2,0,0
BRDA:23,3,0,0
BRDA:23,3,1,1
BRDA:41,4,0,1
BRDA:41,4,1,2
BRDA:52,5,0,1
BRDA:52,5,1,3
BRDA:53,6,0,1
BRDA:53,6,1,2
BRDA:70,7,0,1
BRDA:70,7,1,2
BRDA:80,8,0,0
BRDA:80,8,1,2
BRDA:115,9,0,0
BRDA:115,9,1,1
BRDA:153,10,0,0
BRDA:153,10,1,4
BRDA:160,11,0,0
BRDA:160,11,1,3
BRDA:165,12,0,1
BRDA:165,12,1,2
BRDA:178,13,0,1
BRDA:178,13,1,2
BRDA:178,14,0,3
BRDA:178,14,1,3
BRDA:181,15,0,1
BRDA:181,15,1,1
BRDA:196,16,0,1
BRDA:196,16,1,2
BRDA:200,17,0,1
BRDA:200,17,1,1
BRDA:261,18,0,1
BRDA:261,18,1,1
BRDA:267,19,0,1
BRDA:267,19,1,0
BRDA:271,20,0,1
BRDA:271,20,1,1
BRDA:279,21,0,0
BRDA:279,21,1,1
BRDA:283,22,0,0
BRDA:283,22,1,0
BRDA:293,23,0,1
BRDA:293,23,1,0
BRDA:295,24,0,0
BRDA:295,24,1,0
BRDA:298,25,0,1
BRDA:298,25,1,0
BRDA:300,26,0,0
BRDA:300,26,1,0
BRDA:303,27,0,1
BRDA:303,27,1,0
BRDA:303,28,0,0
BRDA:303,28,1,0
BRDA:305,29,0,1
BRDA:305,29,1,0
BRDA:305,30,0,0
BRDA:305,30,1,0
BRDA:322,31,0,1
BRDA:322,31,1,3
BRDA:325,32,0,1
BRDA:325,32,1,2
BRDA:326,33,0,0
BRDA:326,33,1,3
BRDA:327,34,0,1
BRDA:327,34,1,2
BRDA:329,35,0,1
BRDA:329,35,1,0
BRDA:329,36,0,1
BRDA:329,36,1,1
BRDA:332,37,0,0
BRDA:332,37,1,2
BRDA:333,38,0,2
BRDA:333,38,1,0
BRDA:334,39,0,1
BRDA:334,39,1,1
BRDA:347,40,0,1
BRDA:347,40,1,1
BRDA:371,41,0,1
BRDA:371,41,1,1
BRDA:371,42,0,2
BRDA:371,42,1,2
BRDA:374,43,0,0
BRDA:374,43,1,1
BRDA:388,44,0,1
BRDA:388,44,1,1
BRF:88
BRH:60
end_of_record
TN:
SF:src/services/appointment.service.ts
FN:8,toDateOnly
FN:13,(anonymous_1)
FN:21,(anonymous_2)
FN:71,timeToMinutes
FN:76,timesOverlap
FN:80,(anonymous_5)
FN:95,(anonymous_6)
FNF:7
FNH:7
FNDA:4,toDateOnly
FNDA:6,(anonymous_1)
FNDA:6,(anonymous_2)
FNDA:6,timeToMinutes
FNDA:2,timesOverlap
FNDA:1,(anonymous_5)
FNDA:6,(anonymous_6)
DA:1,3
DA:2,3
DA:3,3
DA:4,3
DA:9,4
DA:10,4
DA:13,3
DA:20,6
DA:22,6
DA:23,6
DA:25,4
DA:26,4
DA:27,4
DA:30,4
DA:39,4
DA:41,4
DA:49,4
DA:50,4
DA:52,4
DA:53,2
DA:54,2
DA:55,2
DA:56,1
DA:60,3
DA:67,3
DA:68,3
DA:72,6
DA:73,6
DA:77,2
DA:80,3
DA:81,1
DA:82,0
DA:88,1
DA:95,3
DA:102,6
DA:103,6
DA:105,6
DA:106,6
DA:107,6
DA:108,3
DA:111,3
DA:112,3
DA:113,3
DA:114,3
DA:116,3
DA:119,3
DA:121,3
LF:47
LH:46
BRDA:9,0,0,4
BRDA:9,0,1,0
BRDA:23,1,0,2
BRDA:23,1,1,4
BRDA:23,2,0,6
BRDA:23,2,1,5
BRDA:39,3,0,0
BRDA:39,3,1,4
BRDA:50,4,0,4
BRDA:50,4,1,0
BRDA:54,5,0,2
BRDA:54,5,1,0
BRDA:55,6,0,1
BRDA:55,6,1,1
BRDA:61,7,0,3
BRDA:61,7,1,0
BRDA:73,8,0,6
BRDA:73,8,1,0
BRDA:73,9,0,6
BRDA:73,9,1,5
BRDA:77,10,0,2
BRDA:77,10,1,1
BRDA:81,11,0,0
BRDA:81,11,1,1
BRDA:103,12,0,0
BRDA:103,12,1,6
BRDA:106,13,0,0
BRDA:106,13,1,6
BRDA:107,14,0,3
BRDA:107,14,1,3
BRDA:107,15,0,6
BRDA:107,15,1,5
BRDA:112,16,0,2
BRDA:112,16,1,1
BRDA:113,17,0,1
BRDA:113,17,1,2
BRDA:114,18,0,0
BRDA:114,18,1,3
BRF:38
BRH:28
end_of_record
TN:
SF:src/services/attendance.service.ts
FN:15,assertTeacherCanAccessStudent
FN:38,(anonymous_1)
FN:66,(anonymous_2)
FN:114,(anonymous_3)
FN:137,humanStatus
FN:141,formatDate
FNF:6
FNH:6
FNDA:5,assertTeacherCanAccessStudent
FNDA:7,(anonymous_1)
FNDA:2,(anonymous_2)
FNDA:4,(anonymous_3)
FNDA:4,humanStatus
FNDA:2,formatDate
DA:2,1
DA:3,1
DA:4,1
DA:6,1
DA:16,5
DA:24,5
DA:25,2
DA:38,1
DA:44,7
DA:45,1
DA:49,6
DA:53,6
DA:54,5
DA:55,1
DA:59,4
DA:62,3
DA:63,3
DA:66,2
DA:67,2
DA:79,2
DA:83,2
DA:87,2
DA:103,2
DA:114,1
DA:119,4
DA:120,1
DA:122,3
DA:123,1
DA:126,2
DA:138,4
DA:142,2
DA:143,2
LF:32
LH:32
BRDA:24,0,0,2
BRDA:24,0,1,3
BRDA:24,1,0,5
BRDA:24,1,1,3
BRDA:24,1,2,3
BRDA:44,2,0,1
BRDA:44,2,1,6
BRDA:53,3,0,1
BRDA:53,3,1,5
BRDA:54,4,0,1
BRDA:54,4,1,4
BRDA:63,5,0,1
BRDA:63,5,1,2
BRDA:73,6,0,2
BRDA:73,6,1,1
BRDA:119,7,0,1
BRDA:119,7,1,3
BRDA:119,8,0,4
BRDA:119,8,1,2
BRDA:122,9,0,1
BRDA:122,9,1,2
BRDA:142,10,0,0
BRDA:142,10,1,2
BRF:23
BRH:22
end_of_record
TN:
SF:src/services/auth.service.ts
FN:10,(anonymous_1)
FN:14,(anonymous_2)
FN:18,(anonymous_3)
FN:24,(anonymous_4)
FN:32,(anonymous_5)
FN:36,(anonymous_6)
FN:40,(anonymous_7)
FN:50,(anonymous_8)
FN:67,(anonymous_9)
FN:76,(anonymous_10)
FNF:10
FNH:9
FNDA:4,(anonymous_1)
FNDA:2,(anonymous_2)
FNDA:3,(anonymous_3)
FNDA:2,(anonymous_4)
FNDA:5,(anonymous_5)
FNDA:8,(anonymous_6)
FNDA:3,(anonymous_7)
FNDA:3,(anonymous_8)
FNDA:0,(anonymous_9)
FNDA:2,(anonymous_10)
DA:1,4
DA:2,4
DA:3,4
DA:4,4
DA:5,4
DA:6,4
DA:7,4
DA:8,4
DA:10,4
DA:11,4
DA:14,4
DA:15,2
DA:18,4
DA:19,3
DA:24,4
DA:25,2
DA:26,2
DA:28,1
DA:32,4
DA:33,5
DA:36,4
DA:37,8
DA:40,4
DA:41,3
DA:42,2
DA:43,2
DA:44,2
DA:46,0
DA:50,4
DA:51,3
DA:56,3
DA:58,2
DA:59,2
DA:60,2
DA:62,2
DA:67,2
DA:68,0
DA:71,2
DA:72,2
DA:76,4
DA:77,2
DA:79,2
DA:88,2
DA:90,1
DA:92,1
DA:103,1
LF:46
LH:44
BRDA:41,0,0,1
BRDA:41,0,1,2
BRDA:56,1,0,1
BRDA:56,1,1,2
BRDA:71,2,0,2
BRDA:71,2,1,0
BRDA:88,3,0,1
BRDA:88,3,1,1
BRF:8
BRH:7
end_of_record
TN:
SF:src/services/email-templates.ts
FN:6,escapeHtml
FN:16,baseTemplate
FN:46,(anonymous_2)
FN:55,(anonymous_3)
FN:65,(anonymous_4)
FN:91,(anonymous_5)
FN:102,(anonymous_6)
FNF:7
FNH:4
FNDA:3,escapeHtml
FNDA:2,baseTemplate
FNDA:1,(anonymous_2)
FNDA:1,(anonymous_3)
FNDA:0,(anonymous_4)
FNDA:0,(anonymous_5)
FNDA:0,(anonymous_6)
DA:7,3
DA:8,3
DA:17,2
DA:18,2
DA:19,2
DA:45,4
DA:47,1
DA:49,1
DA:52,1
DA:56,1
DA:57,1
DA:59,1
DA:62,1
DA:69,0
DA:70,0
DA:71,0
DA:73,0
DA:85,0
DA:88,0
DA:92,0
DA:93,0
DA:94,0
DA:96,0
DA:99,0
DA:103,0
DA:105,0
DA:108,0
LF:27
LH:13
BRDA:7,0,0,3
BRDA:7,0,1,2
BRDA:16,1,0,0
BRDA:17,2,0,2
BRDA:17,2,1,0
BRDA:18,3,0,2
BRDA:18,3,1,0
BRDA:33,4,0,2
BRDA:33,4,1,0
BRDA:39,5,0,2
BRDA:39,5,1,0
BRDA:46,6,0,0
BRDA:49,7,0,1
BRDA:49,7,1,0
BRDA:55,8,0,0
BRDA:57,9,0,1
BRDA:57,9,1,1
BRDA:59,10,0,1
BRDA:59,10,1,0
BRDA:67,11,0,0
BRDA:73,12,0,0
BRDA:73,12,1,0
BRDA:74,13,0,0
BRDA:74,13,1,0
BRDA:77,14,0,0
BRDA:77,14,1,0
BRDA:78,15,0,0
BRDA:78,15,1,0
BRDA:81,16,0,0
BRDA:81,16,1,0
BRDA:85,17,0,0
BRDA:85,17,1,0
BRDA:91,18,0,0
BRDA:96,19,0,0
BRDA:96,19,1,0
BRDA:102,20,0,0
BRDA:105,21,0,0
BRDA:105,21,1,0
BRF:38
BRH:10
end_of_record
TN:
SF:src/services/email.service.ts
FN:15,(anonymous_1)
FN:38,(anonymous_2)
FN:58,(anonymous_3)
FN:70,(anonymous_4)
FN:82,(anonymous_5)
FN:102,(anonymous_6)
FN:120,(anonymous_7)
FN:129,(anonymous_8)
FNF:8
FNH:3
FNDA:0,(anonymous_1)
FNDA:2,(anonymous_2)
FNDA:1,(anonymous_3)
FNDA:1,(anonymous_4)
FNDA:0,(anonymous_5)
FNDA:0,(anonymous_6)
FNDA:0,(anonymous_7)
FNDA:0,(anonymous_8)
DA:1,4
DA:2,4
DA:3,4
DA:4,4
DA:6,4
DA:13,4
DA:15,4
DA:16,0
DA:17,0
DA:18,0
DA:20,0
DA:21,0
DA:22,0
DA:23,0
DA:24,0
DA:26,0
DA:27,0
DA:38,4
DA:39,2
DA:40,2
DA:41,2
DA:43,0
DA:44,0
DA:51,0
DA:53,0
DA:58,4
DA:59,1
DA:70,4
DA:71,1
DA:82,4
DA:91,0
DA:94,0
DA:102,4
DA:109,0
DA:120,4
DA:121,0
DA:129,4
DA:130,0
DA:132,0
DA:135,0
LF:40
LH:19
BRDA:10,0,0,0
BRDA:10,0,1,4
BRDA:16,1,0,0
BRDA:16,1,1,0
BRDA:39,2,0,2
BRDA:39,2,1,0
BRDA:58,3,0,1
BRDA:61,4,0,1
BRDA:61,4,1,0
BRDA:64,5,0,1
BRDA:64,5,1,0
BRDA:70,6,0,1
BRDA:73,7,0,1
BRDA:73,7,1,0
BRDA:76,8,0,1
BRDA:76,8,1,0
BRDA:88,9,0,0
BRDA:91,10,0,0
BRDA:91,10,1,0
BRDA:92,11,0,0
BRDA:92,11,1,0
BRDA:92,12,0,0
BRDA:92,12,1,0
BRDA:107,13,0,0
BRDA:111,14,0,0
BRDA:111,14,1,0
BRDA:114,15,0,0
BRDA:114,15,1,0
BRDA:120,16,0,0
BRDA:123,17,0,0
BRDA:123,17,1,0
BRDA:129,18,0,0
BRDA:130,19,0,0
BRDA:130,19,1,0
BRDA:132,20,0,0
BRDA:132,20,1,0
BRDA:139,21,0,0
BRDA:139,21,1,0
BRF:38
BRH:8
end_of_record
TN:
SF:src/services/fcm.service.ts
FN:21,(anonymous_9)
FN:24,(anonymous_10)
FN:38,(anonymous_11)
FN:38,(anonymous_12)
FN:66,(anonymous_13)
FN:78,(anonymous_14)
FN:109,(anonymous_15)
FN:130,(anonymous_16)
FNF:8
FNH:1
FNDA:0,(anonymous_9)
FNDA:0,(anonymous_10)
FNDA:0,(anonymous_11)
FNDA:0,(anonymous_12)
FNDA:0,(anonymous_13)
FNDA:0,(anonymous_14)
FNDA:4,(anonymous_15)
FNDA:0,(anonymous_16)
DA:1,3
DA:2,3
DA:3,3
DA:18,3
DA:19,3
DA:21,3
DA:22,0
DA:24,3
DA:25,0
DA:26,0
DA:28,0
DA:29,0
DA:32,0
DA:35,0
DA:38,0
DA:39,0
DA:40,0
DA:43,0
DA:45,0
DA:47,0
DA:48,0
DA:57,0
DA:58,0
DA:60,0
DA:61,0
DA:66,3
DA:67,0
DA:71,0
DA:78,3
DA:84,0
DA:85,0
DA:86,0
DA:88,0
DA:89,0
DA:90,0
DA:93,0
DA:94,0
DA:99,0
DA:101,0
DA:109,3
DA:115,4
DA:116,4
DA:120,4
DA:121,4
DA:122,4
DA:124,0
DA:126,0
DA:130,3
DA:131,0
LF:49
LH:16
BRDA:22,0,0,0
BRDA:22,0,1,0
BRDA:22,0,2,0
BRDA:25,1,0,0
BRDA:25,1,1,0
BRDA:28,2,0,0
BRDA:28,2,1,0
BRDA:39,3,0,0
BRDA:39,3,1,0
BRDA:45,4,0,0
BRDA:45,4,1,0
BRDA:47,5,0,0
BRDA:47,5,1,0
BRDA:84,6,0,0
BRDA:84,6,1,0
BRDA:88,7,0,0
BRDA:88,7,1,0
BRDA:97,8,0,0
BRDA:97,8,1,0
BRDA:120,9,0,4
BRDA:120,9,1,0
BRF:21
BRH:1
end_of_record
TN:
SF:src/services/gamification.service.ts
FN:9,utcDateString
FN:21,classifyStreakUpdate
FN:47,(anonymous_2)
FN:74,(anonymous_3)
FN:85,(anonymous_4)
FN:119,(anonymous_5)
FN:156,(anonymous_6)
FN:167,(anonymous_7)
FN:185,(anonymous_8)
FN:193,(anonymous_9)
FN:205,(anonymous_10)
FNF:11
FNH:10
FNDA:27,utcDateString
FNDA:18,classifyStreakUpdate
FNDA:13,(anonymous_2)
FNDA:3,(anonymous_3)
FNDA:5,(anonymous_4)
FNDA:4,(anonymous_5)
FNDA:1,(anonymous_6)
FNDA:0,(anonymous_7)
FNDA:3,(anonymous_8)
FNDA:1,(anonymous_9)
FNDA:3,(anonymous_10)
DA:1,7
DA:2,7
DA:3,7
DA:9,7
DA:10,27
DA:21,7
DA:25,18
DA:26,7
DA:27,7
DA:28,7
DA:31,5
DA:32,5
DA:33,5
DA:34,5
DA:47,7
DA:48,13
DA:53,13
DA:57,13
DA:59,13
DA:61,13
DA:62,1
DA:65,12
DA:66,12
DA:68,12
DA:74,3
DA:85,7
DA:86,5
DA:87,5
DA:89,5
DA:92,5
DA:94,4
DA:100,4
DA:101,4
DA:110,4
DA:119,7
DA:120,4
DA:125,4
DA:137,4
DA:145,4
DA:146,4
DA:147,20
DA:148,3
DA:149,3
DA:151,4
DA:156,7
DA:157,1
DA:165,1
DA:167,0
DA:185,7
DA:187,3
DA:188,2
DA:189,2
DA:193,2
DA:194,2
DA:197,2
DA:198,2
DA:205,3
LF:57
LH:56
BRDA:9,0,0,0
BRDA:25,1,0,11
BRDA:25,1,1,7
BRDA:26,2,0,7
BRDA:26,2,1,0
BRDA:28,3,0,2
BRDA:28,3,1,5
BRDA:34,4,0,2
BRDA:34,4,1,3
BRDA:47,5,0,9
BRDA:54,6,0,3
BRDA:54,6,1,10
BRDA:61,7,0,1
BRDA:61,7,1,12
BRDA:62,8,0,1
BRDA:62,8,1,0
BRDA:62,9,0,1
BRDA:62,9,1,0
BRDA:65,10,0,11
BRDA:65,10,1,1
BRDA:65,11,0,12
BRDA:65,11,1,2
BRDA:65,12,0,1
BRDA:65,12,1,0
BRDA:66,13,0,12
BRDA:66,13,1,10
BRDA:87,14,0,0
BRDA:87,14,1,5
BRDA:92,15,0,1
BRDA:92,15,1,4
BRDA:141,16,0,4
BRDA:141,16,1,0
BRDA:142,17,0,4
BRDA:142,17,1,0
BRDA:147,18,0,17
BRDA:147,18,1,3
BRDA:166,19,0,1
BRDA:166,19,1,1
BRDA:185,20,0,0
BRDA:187,21,0,2
BRDA:187,21,1,1
BRDA:194,22,0,1
BRDA:194,22,1,1
BRDA:197,23,0,1
BRDA:197,23,1,1
BRF:45
BRH:36
end_of_record
TN:
SF:src/services/grade.service.ts
FN:6,assertTeacherCanAccessStudent
FN:21,(anonymous_10)
FN:47,(anonymous_11)
FN:58,(anonymous_12)
FN:66,(anonymous_13)
FNF:5
FNH:5
FNDA:8,assertTeacherCanAccessStudent
FNDA:8,(anonymous_10)
FNDA:3,(anonymous_11)
FNDA:2,(anonymous_12)
FNDA:4,(anonymous_13)
DA:1,2
DA:2,2
DA:7,8
DA:12,8
DA:13,2
DA:17,2
DA:21,2
DA:29,8
DA:30,8
DA:31,6
DA:32,5
DA:37,4
DA:38,3
DA:39,3
DA:42,3
DA:47,6
DA:52,3
DA:53,3
DA:55,3
DA:58,2
DA:59,2
DA:66,2
DA:67,4
DA:68,3
DA:71,3
LF:25
LH:25
BRDA:12,0,0,2
BRDA:12,0,1,6
BRDA:12,1,0,8
BRDA:12,1,1,6
BRDA:12,1,2,6
BRDA:30,2,0,2
BRDA:30,2,1,6
BRDA:30,3,0,8
BRDA:30,3,1,7
BRDA:31,4,0,1
BRDA:31,4,1,5
BRDA:37,5,0,3
BRDA:37,5,1,1
BRDA:39,6,0,1
BRDA:39,6,1,2
BRDA:43,7,0,3
BRDA:43,7,1,2
BRDA:52,8,0,3
BRDA:52,8,1,2
BRDA:52,9,0,0
BRDA:52,9,1,2
BRDA:67,10,0,3
BRDA:67,10,1,1
BRF:23
BRH:22
end_of_record
TN:
SF:src/services/memorization.service.ts
FN:6,(anonymous_0)
FN:10,assertTeacherCanAccessStudent
FN:21,(anonymous_2)
FN:40,(anonymous_3)
FNF:4
FNH:4
FNDA:1,(anonymous_0)
FNDA:10,assertTeacherCanAccessStudent
FNDA:6,(anonymous_2)
FNDA:8,(anonymous_3)
DA:1,2
DA:2,2
DA:3,2
DA:4,2
DA:6,2
DA:7,1
DA:11,10
DA:16,10
DA:17,2
DA:21,2
DA:22,6
DA:23,1
DA:26,5
DA:27,5
DA:29,4
DA:30,2
DA:33,3
DA:40,2
DA:47,8
DA:49,7
DA:50,7
DA:53,6
DA:58,6
DA:62,6
DA:64,6
DA:75,6
DA:76,2
DA:77,2
DA:86,6
DA:87,6
DA:90,5
DA:91,2
DA:97,6
LF:33
LH:33
BRDA:16,0,0,2
BRDA:16,0,1,8
BRDA:16,1,0,10
BRDA:16,1,1,8
BRDA:16,1,2,8
BRDA:22,2,0,1
BRDA:22,2,1,5
BRDA:26,3,0,1
BRDA:26,3,1,4
BRDA:27,4,0,1
BRDA:27,4,1,4
BRDA:29,5,0,2
BRDA:29,5,1,2
BRDA:50,6,0,1
BRDA:50,6,1,6
BRDA:53,7,0,6
BRDA:53,7,1,6
BRDA:53,8,0,3
BRDA:53,8,1,3
BRDA:53,9,0,3
BRDA:53,9,1,0
BRDA:62,10,0,6
BRDA:62,10,1,5
BRDA:75,11,0,2
BRDA:75,11,1,4
BRDA:90,12,0,2
BRDA:90,12,1,3
BRF:27
BRH:26
end_of_record
TN:
SF:src/services/message.service.ts
FN:8,assertCanCommunicate
FN:28,(anonymous_1)
FN:51,(anonymous_2)
FN:79,(anonymous_3)
FN:104,(anonymous_4)
FN:132,(anonymous_5)
FNF:6
FNH:5
FNDA:6,assertCanCommunicate
FNDA:2,(anonymous_1)
FNDA:0,(anonymous_2)
FNDA:2,(anonymous_3)
FNDA:7,(anonymous_4)
FNDA:6,(anonymous_5)
DA:1,3
DA:2,3
DA:3,3
DA:9,6
DA:12,5
DA:15,5
DA:16,0
DA:19,5
DA:20,5
DA:21,5
DA:25,5
DA:28,3
DA:30,2
DA:42,2
DA:51,2
DA:54,2
DA:56,2
DA:57,2
DA:58,2
DA:60,2
DA:61,2
DA:76,2
DA:79,3
DA:80,2
DA:84,2
DA:85,2
DA:87,1
DA:104,3
DA:111,7
DA:113,6
DA:117,6
DA:118,6
DA:119,4
DA:121,3
DA:127,3
DA:129,3
DA:132,3
DA:133,6
DA:134,6
DA:135,5
DA:137,2
LF:41
LH:40
BRDA:9,0,0,1
BRDA:9,0,1,5
BRDA:9,1,0,6
BRDA:9,1,1,5
BRDA:12,2,0,5
BRDA:12,2,1,5
BRDA:12,2,2,0
BRDA:12,2,3,0
BRDA:15,3,0,0
BRDA:15,3,1,5
BRDA:19,4,0,5
BRDA:19,4,1,0
BRDA:20,5,0,0
BRDA:20,5,1,5
BRDA:25,6,0,2
BRDA:25,6,1,3
BRDA:57,7,0,1
BRDA:57,7,1,1
BRDA:58,8,0,1
BRDA:58,8,1,1
BRDA:60,9,0,2
BRDA:60,9,1,0
BRDA:71,10,0,2
BRDA:71,10,1,2
BRDA:79,11,0,2
BRDA:79,12,0,2
BRDA:84,13,0,0
BRDA:84,13,1,2
BRDA:84,14,0,2
BRDA:84,14,1,2
BRDA:84,14,2,2
BRDA:84,14,3,2
BRDA:111,15,0,1
BRDA:111,15,1,6
BRDA:117,16,0,0
BRDA:117,16,1,6
BRDA:117,17,0,6
BRDA:117,17,1,6
BRDA:118,18,0,2
BRDA:118,18,1,4
BRDA:118,19,0,6
BRDA:118,19,1,5
BRDA:122,20,0,3
BRDA:122,20,1,3
BRDA:134,21,0,1
BRDA:134,21,1,5
BRDA:135,22,0,3
BRDA:135,22,1,2
BRF:48
BRH:40
end_of_record
TN:
SF:src/services/notification.service.ts
FN:4,escapeHtml
FN:15,(anonymous_10)
FN:45,(anonymous_11)
FN:56,(anonymous_12)
FN:67,(anonymous_13)
FN:94,(anonymous_14)
FN:112,(anonymous_15)
FN:124,(anonymous_16)
FN:132,(anonymous_17)
FN:137,stripHtml
FN:151,(anonymous_19)
FN:179,(anonymous_20)
FN:204,(anonymous_21)
FN:221,(anonymous_22)
FNF:14
FNH:11
FNDA:5,escapeHtml
FNDA:20,(anonymous_10)
FNDA:20,(anonymous_11)
FNDA:0,(anonymous_12)
FNDA:9,(anonymous_13)
FNDA:1,(anonymous_14)
FNDA:3,(anonymous_15)
FNDA:1,(anonymous_16)
FNDA:1,(anonymous_17)
FNDA:1,stripHtml
FNDA:3,(anonymous_19)
FNDA:1,(anonymous_20)
FNDA:0,(anonymous_21)
FNDA:0,(anonymous_22)
DA:1,13
DA:2,13
DA:5,5
DA:6,5
DA:15,13
DA:22,20
DA:27,20
DA:28,20
DA:29,20
DA:30,20
DA:40,1
DA:44,20
DA:45,40
DA:46,20
DA:48,0
DA:52,20
DA:53,5
DA:54,5
DA:55,5
DA:56,0
DA:57,0
DA:60,0
DA:65,20
DA:66,9
DA:67,18
DA:69,9
DA:70,9
DA:71,20
DA:72,18
DA:75,9
DA:77,0
DA:94,13
DA:99,1
DA:100,1
DA:109,1
DA:112,13
DA:114,3
DA:115,3
DA:116,2
DA:118,1
DA:124,13
DA:125,1
DA:129,1
DA:132,13
DA:133,1
DA:138,1
DA:151,13
DA:153,3
DA:154,3
DA:156,3
DA:157,3
DA:159,3
DA:179,13
DA:180,1
DA:181,1
DA:182,1
DA:184,1
DA:204,13
DA:205,0
DA:221,13
DA:222,0
DA:223,0
LF:62
LH:54
BRDA:5,0,0,5
BRDA:5,0,1,3
BRDA:27,1,0,20
BRDA:27,1,1,11
BRDA:27,1,2,10
BRDA:28,2,0,20
BRDA:28,2,1,11
BRDA:28,3,0,1
BRDA:28,3,1,10
BRDA:52,4,0,5
BRDA:52,4,1,15
BRDA:55,5,0,0
BRDA:55,5,1,5
BRDA:65,6,0,9
BRDA:65,6,1,11
BRDA:71,7,0,18
BRDA:71,7,1,2
BRDA:71,8,0,20
BRDA:71,8,1,18
BRDA:72,9,0,16
BRDA:72,9,1,2
BRDA:115,10,0,2
BRDA:115,10,1,1
BRDA:115,11,0,3
BRDA:115,11,1,2
BRDA:153,12,0,2
BRDA:153,12,1,1
BRDA:153,13,0,1
BRDA:153,13,1,0
BRDA:154,14,0,3
BRDA:154,14,1,3
BRDA:157,15,0,3
BRDA:157,15,1,3
BRDA:181,16,0,1
BRDA:181,16,1,1
BRDA:182,17,0,1
BRDA:182,17,1,0
BRDA:190,18,0,1
BRDA:190,18,1,1
BRDA:194,19,0,1
BRDA:194,19,1,1
BRDA:210,20,0,0
BRDA:210,20,1,0
BRDA:211,21,0,0
BRDA:211,21,1,0
BRDA:222,22,0,0
BRDA:222,22,1,0
BRDA:230,23,0,0
BRDA:230,23,1,0
BRDA:235,24,0,0
BRDA:235,24,1,0
BRF:51
BRH:38
end_of_record
TN:
SF:src/services/parent.service.ts
FN:15,(anonymous_0)
FN:42,(anonymous_1)
FN:67,(anonymous_2)
FN:94,(anonymous_3)
FN:116,(anonymous_4)
FN:126,(anonymous_5)
FN:136,(anonymous_6)
FN:197,assertParentHasApprovedLink
FNF:8
FNH:8
FNDA:6,(anonymous_0)
FNDA:4,(anonymous_1)
FNDA:2,(anonymous_2)
FNDA:2,(anonymous_3)
FNDA:1,(anonymous_4)
FNDA:1,(anonymous_5)
FNDA:4,(anonymous_6)
FNDA:4,assertParentHasApprovedLink
DA:1,1
DA:2,1
DA:3,1
DA:15,1
DA:16,6
DA:17,1
DA:20,5
DA:24,5
DA:25,4
DA:26,3
DA:27,3
DA:29,2
DA:32,2
DA:33,1
DA:36,1
DA:42,1
DA:43,4
DA:44,4
DA:45,3
DA:46,2
DA:47,1
DA:50,1
DA:56,1
DA:63,1
DA:67,1
DA:68,2
DA:69,2
DA:70,2
DA:71,2
DA:72,1
DA:75,1
DA:80,1
DA:90,1
DA:94,1
DA:95,2
DA:96,1
DA:104,1
DA:116,1
DA:117,1
DA:126,1
DA:136,1
DA:137,4
DA:139,2
DA:178,2
DA:180,2
DA:198,4
DA:201,4
DA:202,2
LF:48
LH:48
BRDA:16,0,0,1
BRDA:16,0,1,5
BRDA:24,1,0,1
BRDA:24,1,1,4
BRDA:24,2,0,5
BRDA:24,2,1,4
BRDA:25,3,0,1
BRDA:25,3,1,3
BRDA:26,4,0,0
BRDA:26,4,1,3
BRDA:26,5,0,3
BRDA:26,5,1,3
BRDA:27,6,0,1
BRDA:27,6,1,2
BRDA:32,7,0,1
BRDA:32,7,1,1
BRDA:37,8,0,1
BRDA:37,8,1,0
BRDA:44,9,0,1
BRDA:44,9,1,3
BRDA:45,10,0,1
BRDA:45,10,1,2
BRDA:46,11,0,1
BRDA:46,11,1,1
BRDA:69,12,0,0
BRDA:69,12,1,2
BRDA:70,13,0,0
BRDA:70,13,1,2
BRDA:71,14,0,1
BRDA:71,14,1,1
BRDA:83,15,0,1
BRDA:83,15,1,0
BRDA:86,16,0,1
BRDA:86,16,1,0
BRDA:95,17,0,1
BRDA:95,17,1,1
BRDA:178,18,0,0
BRDA:178,18,1,2
BRDA:201,19,0,2
BRDA:201,19,1,2
BRDA:201,20,0,4
BRDA:201,20,1,3
BRF:42
BRH:35
end_of_record
TN:
SF:src/services/recording.service.ts
FN:10,(anonymous_1)
FN:18,(anonymous_2)
FN:61,(anonymous_3)
FN:69,(anonymous_4)
FN:83,(anonymous_5)
FN:104,assertTeacherCanAccessStudent
FN:115,(anonymous_7)
FNF:7
FNH:7
FNDA:5,(anonymous_1)
FNDA:5,(anonymous_2)
FNDA:3,(anonymous_3)
FNDA:1,(anonymous_4)
FNDA:3,(anonymous_5)
FNDA:2,assertTeacherCanAccessStudent
FNDA:7,(anonymous_7)
DA:1,3
DA:2,3
DA:3,3
DA:4,3
DA:5,3
DA:6,3
DA:8,3
DA:10,3
DA:11,5
DA:12,5
DA:14,5
DA:18,3
DA:25,5
DA:26,5
DA:27,5
DA:28,5
DA:30,5
DA:31,3
DA:32,3
DA:33,2
DA:36,1
DA:37,1
DA:41,1
DA:45,4
DA:51,4
DA:52,4
DA:53,0
DA:58,4
DA:61,3
DA:62,3
DA:64,3
DA:65,1
DA:69,1
DA:70,1
DA:71,1
DA:74,3
DA:80,3
DA:83,3
DA:84,3
DA:85,3
DA:88,2
DA:92,2
DA:94,2
DA:98,2
DA:99,0
DA:101,2
DA:105,2
DA:110,2
DA:111,0
DA:115,3
DA:116,7
DA:117,7
DA:118,7
DA:119,4
DA:120,2
DA:123,4
DA:124,4
DA:125,4
DA:126,4
DA:131,4
LF:60
LH:57
BRDA:30,0,0,3
BRDA:30,0,1,2
BRDA:62,1,0,0
BRDA:62,1,1,3
BRDA:64,2,0,1
BRDA:64,2,1,2
BRDA:70,3,0,0
BRDA:70,3,1,1
BRDA:85,4,0,1
BRDA:85,4,1,2
BRDA:92,5,0,0
BRDA:92,5,1,2
BRDA:96,6,0,2
BRDA:96,6,1,0
BRDA:98,7,0,2
BRDA:98,7,1,0
BRDA:110,8,0,0
BRDA:110,8,1,2
BRDA:110,9,0,2
BRDA:110,9,1,2
BRDA:110,9,2,2
BRDA:117,10,0,0
BRDA:117,10,1,7
BRDA:118,11,0,3
BRDA:118,11,1,4
BRDA:118,12,0,7
BRDA:118,12,1,5
BRDA:119,13,0,2
BRDA:119,13,1,2
BRDA:119,14,0,4
BRDA:119,14,1,2
BRDA:123,15,0,4
BRDA:123,15,1,0
BRF:33
BRH:25
end_of_record
TN:
SF:src/services/report.service.ts
FN:9,(anonymous_1)
FN:17,(anonymous_2)
FN:21,(anonymous_3)
FN:45,(anonymous_4)
FN:65,(anonymous_5)
FN:94,(anonymous_6)
FN:95,(anonymous_7)
FN:104,gradeTypeArabic
FNF:8
FNH:7
FNDA:3,(anonymous_1)
FNDA:3,(anonymous_2)
FNDA:3,(anonymous_3)
FNDA:2,(anonymous_4)
FNDA:1,(anonymous_5)
FNDA:2,(anonymous_6)
FNDA:0,(anonymous_7)
FNDA:1,gradeTypeArabic
DA:1,1
DA:2,1
DA:3,1
DA:4,1
DA:5,1
DA:7,1
DA:9,1
DA:10,3
DA:11,3
DA:13,0
DA:17,1
DA:18,3
DA:21,3
DA:22,3
DA:38,3
DA:40,2
DA:41,2
DA:45,2
DA:46,2
DA:47,2
DA:48,2
DA:51,2
DA:52,2
DA:53,2
DA:56,2
DA:57,2
DA:58,2
DA:61,2
DA:62,2
DA:63,1
DA:65,1
DA:66,1
DA:67,1
DA:68,1
DA:76,2
DA:79,2
DA:80,2
DA:86,2
DA:87,2
DA:91,2
DA:93,2
DA:94,2
DA:95,2
DA:96,0
DA:97,0
DA:101,2
DA:105,1
DA:112,1
LF:48
LH:45
BRDA:38,0,0,1
BRDA:38,0,1,2
BRDA:62,1,0,1
BRDA:62,1,1,1
BRDA:67,2,0,1
BRDA:67,2,1,0
BRDA:70,3,0,1
BRDA:70,3,1,0
BRDA:82,4,0,2
BRDA:82,4,1,1
BRDA:112,5,0,1
BRDA:112,5,1,0
BRF:12
BRH:9
end_of_record
TN:
SF:src/services/revision.service.ts
FN:38,computeSm2
FN:66,seedRevisionForCompletion
FN:92,(anonymous_2)
FN:107,(anonymous_3)
FN:131,(anonymous_4)
FN:152,(anonymous_5)
FN:235,(anonymous_6)
FN:258,assertTeacherCanAccessStudent
FNF:8
FNH:8
FNDA:27,computeSm2
FNDA:2,seedRevisionForCompletion
FNDA:5,(anonymous_2)
FNDA:1,(anonymous_3)
FNDA:3,(anonymous_4)
FNDA:7,(anonymous_5)
FNDA:3,(anonymous_6)
FNDA:5,assertTeacherCanAccessStudent
DA:1,3
DA:2,3
DA:3,3
DA:4,3
DA:38,3
DA:40,27
DA:41,27
DA:43,27
DA:44,14
DA:47,13
DA:49,13
DA:50,8
DA:51,5
DA:53,13
DA:66,3
DA:71,2
DA:75,2
DA:77,1
DA:78,1
DA:80,1
DA:92,3
DA:98,5
DA:100,5
DA:101,4
DA:102,1
DA:103,1
DA:107,1
DA:108,1
DA:109,1
DA:112,5
DA:113,1
DA:116,5
DA:117,1
DA:118,1
DA:121,5
DA:131,3
DA:133,3
DA:135,2
DA:136,2
DA:138,1
DA:152,3
DA:158,7
DA:159,1
DA:162,6
DA:166,6
DA:169,6
DA:170,1
DA:172,5
DA:173,1
DA:177,5
DA:186,5
DA:187,5
DA:191,5
DA:192,5
DA:194,5
DA:207,5
DA:208,5
DA:220,5
DA:221,5
DA:222,0
DA:223,0
DA:229,5
DA:235,3
DA:240,3
DA:244,3
DA:245,3
DA:247,3
DA:248,1
DA:250,2
DA:251,1
DA:254,2
DA:255,2
DA:259,5
DA:264,5
DA:265,1
LF:75
LH:73
BRDA:43,0,0,14
BRDA:43,0,1,13
BRDA:49,1,0,5
BRDA:49,1,1,8
BRDA:50,2,0,3
BRDA:50,2,1,5
BRDA:69,3,0,2
BRDA:75,4,0,1
BRDA:75,4,1,1
BRDA:96,5,0,4
BRDA:100,6,0,4
BRDA:100,6,1,1
BRDA:102,7,0,1
BRDA:102,7,1,0
BRDA:108,8,0,0
BRDA:108,8,1,1
BRDA:112,9,0,1
BRDA:112,9,1,4
BRDA:116,10,0,1
BRDA:116,10,1,4
BRDA:136,11,0,1
BRDA:136,11,1,1
BRDA:158,12,0,1
BRDA:158,12,1,6
BRDA:166,13,0,0
BRDA:166,13,1,6
BRDA:169,14,0,1
BRDA:169,14,1,5
BRDA:169,15,0,6
BRDA:169,15,1,5
BRDA:172,16,0,1
BRDA:172,16,1,4
BRDA:186,17,0,3
BRDA:186,17,1,2
BRDA:210,18,0,3
BRDA:210,18,1,2
BRDA:222,19,0,0
BRDA:222,19,1,0
BRDA:244,20,0,0
BRDA:244,20,1,3
BRDA:245,21,0,0
BRDA:245,21,1,3
BRDA:247,22,0,1
BRDA:247,22,1,2
BRDA:247,23,0,3
BRDA:247,23,1,2
BRDA:250,24,0,1
BRDA:250,24,1,1
BRDA:264,25,0,1
BRDA:264,25,1,4
BRDA:264,26,0,5
BRDA:264,26,1,4
BRDA:264,26,2,4
BRF:53
BRH:46
end_of_record
TN:
SF:src/services/socket.service.ts
FN:9,(anonymous_1)
FN:14,(anonymous_2)
FN:27,(anonymous_3)
FN:32,(anonymous_4)
FN:40,(anonymous_5)
FN:44,(anonymous_6)
FN:46,(anonymous_7)
FN:47,(anonymous_8)
FN:53,(anonymous_9)
FN:57,(anonymous_10)
FN:62,(anonymous_11)
FNF:11
FNH:2
FNDA:0,(anonymous_1)
FNDA:0,(anonymous_2)
FNDA:0,(anonymous_3)
FNDA:0,(anonymous_4)
FNDA:3,(anonymous_5)
FNDA:0,(anonymous_6)
FNDA:0,(anonymous_7)
FNDA:0,(anonymous_8)
FNDA:0,(anonymous_9)
FNDA:1,(anonymous_10)
FNDA:0,(anonymous_11)
DA:1,2
DA:3,2
DA:4,2
DA:5,2
DA:9,2
DA:10,0
DA:14,0
DA:15,0
DA:16,0
DA:17,0
DA:18,0
DA:19,0
DA:20,0
DA:21,0
DA:23,0
DA:27,0
DA:28,0
DA:29,0
DA:30,0
DA:32,0
DA:33,0
DA:37,0
DA:40,2
DA:41,3
DA:44,2
DA:45,0
DA:46,0
DA:47,0
DA:49,0
DA:53,2
DA:54,0
DA:57,2
DA:58,1
DA:62,2
LF:34
LH:12
BRDA:11,0,0,0
BRDA:11,0,1,0
BRDA:11,1,0,0
BRDA:11,1,1,0
BRDA:15,2,0,0
BRDA:15,2,1,0
BRDA:16,3,0,0
BRDA:16,3,1,0
BRDA:30,4,0,0
BRDA:30,4,1,0
BRDA:45,5,0,0
BRDA:45,5,1,0
BRF:12
BRH:0
end_of_record
TN:
SF:src/services/teacherChange.service.ts
FN:4,(anonymous_9)
FN:29,(anonymous_10)
FN:62,(anonymous_11)
FN:124,(anonymous_12)
FNF:4
FNH:4
FNDA:2,(anonymous_9)
FNDA:4,(anonymous_10)
FNDA:8,(anonymous_11)
FNDA:4,(anonymous_12)
DA:1,2
DA:2,2
DA:4,2
DA:5,2
DA:10,2
DA:14,2
DA:16,1
DA:29,2
DA:30,4
DA:31,1
DA:40,3
DA:41,1
DA:51,2
DA:52,2
DA:62,2
DA:70,8
DA:71,7
DA:72,7
DA:73,6
DA:75,5
DA:76,3
DA:77,3
DA:80,2
DA:86,2
DA:92,2
DA:95,2
DA:96,1
DA:97,1
DA:98,1
DA:112,4
DA:124,8
DA:125,4
DA:127,4
LF:33
LH:33
BRDA:14,0,0,1
BRDA:14,0,1,1
BRDA:19,1,0,1
BRDA:19,1,1,0
BRDA:30,2,0,1
BRDA:30,2,1,3
BRDA:40,3,0,1
BRDA:40,3,1,2
BRDA:51,4,0,1
BRDA:51,4,1,1
BRDA:70,5,0,1
BRDA:70,5,1,7
BRDA:72,6,0,1
BRDA:72,6,1,6
BRDA:73,7,0,1
BRDA:73,7,1,5
BRDA:75,8,0,3
BRDA:75,8,1,2
BRDA:75,9,0,5
BRDA:75,9,1,4
BRDA:77,10,0,1
BRDA:77,10,1,2
BRDA:95,11,0,1
BRDA:95,11,1,1
BRDA:115,12,0,3
BRDA:115,12,1,1
BRDA:116,13,0,4
BRDA:116,13,1,3
BRF:28
BRH:27
end_of_record
